<?xml version="1.0" encoding="UTF-8"?>
<testsuite xmlns:xsi="http://www.w3.org/2001/XMLSchema-instance" xsi:noNamespaceSchemaLocation="https://maven.apache.org/surefire/maven-surefire-plugin/xsd/surefire-test-report.xsd" version="3.0.2" name="br.com.thstec.hsts.HstsApplicationTests" time="3.543" tests="1" errors="0" skipped="0" failures="0">
  <properties>
[...]
</properties>
  <testcase name="contextLoads" classname="br.com.thstec.hsts.HstsApplicationTests" time="0.263">
    <system-out><![CDATA[23:16:54.492 [main] INFO org.springframework.test.context.support.AnnotationConfigContextLoaderUtils -- Could not detect default configuration classes for test class [br.com.thstec.hsts.HstsApplicationTests]: HstsApplicationTests does not declare any static, non-private, non-final, nested classes annotated with @Configuration.
23:16:54.549 [main] INFO org.springframework.boot.test.context.SpringBootTestContextBootstrapper -- Found @SpringBootConfiguration br.com.thstec.hsts.HstsApplication for test class br.com.thstec.hsts.HstsApplicationTests

  .   ____          _            __ _ _
 /\\ / ___'_ __ _ _(_)_ __  __ _ \ \ \ \
( ( )\___ | '_ | '_| | '_ \/ _` | \ \ \ \
 \\/  ___)| |_)| | | | | || (_| |  ) ) ) )
  '  |____| .__|_| |_|_| |_\__, | / / / /
 =========|_|==============|___/=/_/_/_/

 :: Spring Boot ::                (v3.5.9)

2025-12-22T23:16:54.810-03:00  INFO 108272 --- [hsts] [           main] b.com.thstec.hsts.HstsApplicationTests   : Starting HstsApplicationTests using Java 21.0.9 with PID 108272 (started by leo_kenzley in /home/leo_kenzley/Documents/projetos/ths/sistema-hst-backend)
2025-12-22T23:16:54.812-03:00  INFO 108272 --- [hsts] [           main] b.com.thstec.hsts.HstsApplicationTests   : No active profile set, falling back to 1 default profile: "default"
2025-12-22T23:16:55.440-03:00  INFO 108272 --- [hsts] [           main] .s.d.r.c.RepositoryConfigurationDelegate : Bootstrapping Spring Data JPA repositories in DEFAULT mode.
2025-12-22T23:16:55.490-03:00  INFO 108272 --- [hsts] [           main] .s.d.r.c.RepositoryConfigurationDelegate : Finished Spring Data repository scanning in 40 ms. Found 1 JPA repository interface.
2025-12-22T23:16:55.887-03:00  INFO 108272 --- [hsts] [           main] com.zaxxer.hikari.HikariDataSource       : HikariPool-1 - Starting...
2025-12-22T23:16:56.000-03:00  INFO 108272 --- [hsts] [           main] com.zaxxer.hikari.pool.HikariPool        : HikariPool-1 - Added connection org.postgresql.jdbc.PgConnection@7dd91ffc
2025-12-22T23:16:56.001-03:00  INFO 108272 --- [hsts] [           main] com.zaxxer.hikari.HikariDataSource       : HikariPool-1 - Start completed.
2025-12-22T23:16:56.019-03:00  INFO 108272 --- [hsts] [           main] org.flywaydb.core.FlywayExecutor         : Database: jdbc:postgresql://localhost:5432/hstdb (PostgreSQL 16.11)
2025-12-22T23:16:56.065-03:00  INFO 108272 --- [hsts] [           main] o.f.core.internal.command.DbValidate     : Successfully validated 6 migrations (execution time 00:00.028s)
2025-12-22T23:16:56.101-03:00  INFO 108272 --- [hsts] [           main] o.f.core.internal.command.DbMigrate      : Current version of schema "public": 202512222114
2025-12-22T23:16:56.103-03:00  INFO 108272 --- [hsts] [           main] o.f.core.internal.command.DbMigrate      : Schema "public" is up to date. No migration necessary.
2025-12-22T23:16:56.175-03:00  INFO 108272 --- [hsts] [           main] o.hibernate.jpa.internal.util.LogHelper  : HHH000204: Processing PersistenceUnitInfo [name: default]
2025-12-22T23:16:56.211-03:00  INFO 108272 --- [hsts] [           main] org.hibernate.Version                    : HHH000412: Hibernate ORM core version 6.6.39.Final
2025-12-22T23:16:56.235-03:00  INFO 108272 --- [hsts] [           main] o.h.c.internal.RegionFactoryInitiator    : HHH000026: Second-level cache disabled
2025-12-22T23:16:56.396-03:00  INFO 108272 --- [hsts] [           main] o.s.o.j.p.SpringPersistenceUnitInfo      : No LoadTimeWeaver setup: ignoring JPA class transformer
2025-12-22T23:16:56.423-03:00  WARN 108272 --- [hsts] [           main] org.hibernate.orm.deprecation            : HHH90000025: PostgreSQLDialect does not need to be specified explicitly using 'hibernate.dialect' (remove the property setting and it will be selected by default)
2025-12-22T23:16:56.433-03:00  INFO 108272 --- [hsts] [           main] org.hibernate.orm.connections.pooling    : HHH10001005: Database info:
	Database JDBC URL [Connecting through datasource 'HikariDataSource (HikariPool-1)']
	Database driver: undefined/unknown
	Database version: 16.11
	Autocommit mode: undefined/unknown
	Isolation level: undefined/unknown
	Minimum pool size: undefined/unknown
	Maximum pool size: undefined/unknown
2025-12-22T23:16:56.847-03:00  INFO 108272 --- [hsts] [           main] o.h.e.t.j.p.i.JtaPlatformInitiator       : HHH000489: No JTA platform available (set 'hibernate.transaction.jta.platform' to enable JTA platform integration)
2025-12-22T23:16:56.848-03:00  INFO 108272 --- [hsts] [           main] j.LocalContainerEntityManagerFactoryBean : Initialized JPA EntityManagerFactory for persistence unit 'default'
2025-12-22T23:16:57.117-03:00  WARN 108272 --- [hsts] [           main] JpaBaseConfiguration$JpaWebConfiguration : spring.jpa.open-in-view is enabled by default. Therefore, database queries may be performed during view rendering. Explicitly configure spring.jpa.open-in-view to disable this warning
2025-12-22T23:16:57.545-03:00  INFO 108272 --- [hsts] [           main] o.s.b.a.e.web.EndpointLinksResolver      : Exposing 1 endpoint beneath base path '/actuator'
2025-12-22T23:16:57.620-03:00  INFO 108272 --- [hsts] [           main] b.com.thstec.hsts.HstsApplicationTests   : Started HstsApplicationTests in 3.0 seconds (process running for 3.539)
2025-12-22T23:16:57.689-03:00  WARN 108272 --- [hsts] [           main] o.s.core.events.SpringDocAppInitializer  : SpringDoc /v3/api-docs endpoint is enabled by default. To disable it in production, set the property 'springdoc.api-docs.enabled=false'
2025-12-22T23:16:57.689-03:00  WARN 108272 --- [hsts] [           main] o.s.core.events.SpringDocAppInitializer  : SpringDoc /swagger-ui.html endpoint is enabled by default. To disable it in production, set the property 'springdoc.swagger-ui.enabled=false'
]]></system-out>
    <system-err><![CDATA[Mockito is currently self-attaching to enable the inline-mock-maker. This will no longer work in future releases of the JDK. Please add Mockito as an agent to your build as described in Mockito's documentation: https://javadoc.io/doc/org.mockito/mockito-core/latest/org.mockito/org/mockito/Mockito.html#0.3
WARNING: A Java agent has been loaded dynamically (/home/leo_kenzley/.m2/repository/net/bytebuddy/byte-buddy-agent/1.17.8/byte-buddy-agent-1.17.8.jar)
WARNING: If a serviceability tool is in use, please run with -XX:+EnableDynamicAgentLoading to hide this warning
WARNING: If a serviceability tool is not in use, please run with -Djdk.instrument.traceUsage for more information
WARNING: Dynamic loading of agents will be disallowed by default in a future release
]]></system-err>
  </testcase>
</testsuite>